[14:49:17] # Logging to: wire-install-2021-Jul-21-14-49-17.log in log/ and tmp/
[14:49:17] # Shutting down virtual machine "Wire Demo Client Clone"
[14:49:18] # Deleting virtual machine "Wire Demo Client Clone"
[14:49:19] # Creating virtual machine "Wire Demo Client Clone" from snapshot
[14:49:20] # Starting virtual machine "Wire Demo Client Clone"
[14:49:27] # Initial install of tmux on 192.168.1.121
[14:49:38] # Running command «sudo date --set="Wed Jul 21 2021 14:49:23 GMT+0200 (Central European Summer Time)"» on 192.168.1.121
        wire@wire-client:~$ sudo date --set="Wed Jul 21 2021 14:49:23 GMT+0200 (Central
        European Summer Time)"
        [sudo] password for wire:
        Wed Jul 21 12:49:23 UTC 2021
[14:49:43] # Running command «sudo date --set="Wed Jul 21 2021 14:49:38 GMT+0200 (Central European Summer Time)"» on 95.216.208.159
        wire@arthur-demo:~$ sudo date --set="Wed Jul 21 2021 14:49:38 GMT+0200 (Central
        European Summer Time)"
        Wed Jul 21 14:49:38 CEST 2021
[14:49:49] # Running command «cat /proc/cpuinfo | grep processor | wc -l» on 192.168.1.121
        wire@wire-client:~$ cat /proc/cpuinfo | grep processor | wc -l
        2
[14:49:54] # Running command «free -m && uptime» on 192.168.1.121
        wire@wire-client:~$ free -m && uptime
                      total        used        free      shared  buff/cache   available
        Mem:           2928         114        2611           0         202        2668
        Swap:          3943           0        3943
         12:49:39 up 1 min,  0 users,  load average: 0.46, 0.31, 0.12
[14:49:59] # Running command «cat /proc/cpuinfo | grep processor | wc -l» on 95.216.208.159
        wire@arthur-demo:~$ cat /proc/cpuinfo | grep processor | wc -l
        8
[14:50:04] # Running command «free -m && uptime» on 95.216.208.159
        wire@arthur-demo:~$ free -m && uptime
                      total        used        free      shared  buff/cache   available
        Mem:          15661        5774         562           4        9323        9993
        Swap:             0           0           0
         14:50:02 up 9 days,  4:27,  0 users,  load average: 1.17, 1.16, 1.24
[14:50:10] # Running command «cd» on 192.168.1.121
        wire@wire-client:~$ cd
[14:50:16] # Running command «cat /etc/hostname» on 192.168.1.121
        wire@wire-client:~$ cat /etc/hostname
        wire-client
[14:50:22] # Running command «pwd» on 192.168.1.121
        wire@wire-client:~$ pwd
        /home/wire
[14:50:28] # Running command «date» on 192.168.1.121
        wire@wire-client:~$ date
        Wed Jul 21 12:50:25 UTC 2021
[14:50:34] # Running command «uptime» on 192.168.1.121
        wire@wire-client:~$ uptime
         12:50:31 up 2 min,  0 users,  load average: 0.24, 0.27, 0.11
[14:50:55] # Running command «sudo apt update» on 192.168.1.121
        wire@wire-client:~$ sudo apt update
        [sudo] password for wire:
        Hit:1 http://fr.archive.ubuntu.com/ubuntu bionic InRelease
        Get:2 http://fr.archive.ubuntu.com/ubuntu bionic-updates InRelease [88.7 kB]
        Get:3 http://fr.archive.ubuntu.com/ubuntu bionic-backports InRelease [74.6 kB]
        Get:4 http://fr.archive.ubuntu.com/ubuntu bionic-security InRelease [88.7 kB]
        Get:5 http://fr.archive.ubuntu.com/ubuntu bionic-updates/main amd64 Packages [21
        60 kB]
        Get:6 http://fr.archive.ubuntu.com/ubuntu bionic-updates/main Translation-en [42
        5 kB]
        Get:7 http://fr.archive.ubuntu.com/ubuntu bionic-updates/restricted amd64 Packag
        es [410 kB]
        Get:8 http://fr.archive.ubuntu.com/ubuntu bionic-updates/restricted Translation-
        en [55.8 kB]
        Get:9 http://fr.archive.ubuntu.com/ubuntu bionic-updates/universe amd64 Packages
         [1740 kB]
        Get:10 http://fr.archive.ubuntu.com/ubuntu bionic-updates/universe Translation-e
        n [372 kB]
        Get:11 http://fr.archive.ubuntu.com/ubuntu bionic-updates/multiverse amd64 Packa
        ges [30.5 kB]
        Get:12 http://fr.archive.ubuntu.com/ubuntu bionic-updates/multiverse Translation
        -en [7120 B]
        Get:13 http://fr.archive.ubuntu.com/ubuntu bionic-security/main amd64 Packages [
        1814 kB]
        Get:14 http://fr.archive.ubuntu.com/ubuntu bionic-security/main Translation-en [
        333 kB]
        Get:15 http://fr.archive.ubuntu.com/ubuntu bionic-security/restricted amd64 Pack
        ages [386 kB]
        Get:16 http://fr.archive.ubuntu.com/ubuntu bionic-security/restricted Translatio
        n-en [52.2 kB]
        Get:17 http://fr.archive.ubuntu.com/ubuntu bionic-security/universe amd64 Packag
        es [1132 kB]
        Get:18 http://fr.archive.ubuntu.com/ubuntu bionic-security/universe Translation-
        en [257 kB]
        Get:19 http://fr.archive.ubuntu.com/ubuntu bionic-security/multiverse amd64 Pack
        ages [24.8 kB]
        Get:20 http://fr.archive.ubuntu.com/ubuntu bionic-security/multiverse Translatio
        n-en [5072 B]
        Fetched 9457 kB in 4s (2512 kB/s)
        Reading package lists... Done
        Building dependency tree
        Reading state information... Done
        72 packages can be upgraded. Run 'apt list --upgradable' to see them.
[14:52:08] # Running command «sudo dpkg --configure -a» on 192.168.1.121
        wire@wire-client:~$ sudo dpkg --configure -a
        Setting up initramfs-tools (0.130ubuntu3.9) ...
        update-initramfs: deferring update (trigger activated)
        Processing triggers for initramfs-tools (0.130ubuntu3.9) ...
        update-initramfs: Generating /boot/initrd.img-4.15.0-144-generic
[14:53:37] # Running command «sudo apt install docker.io» on 192.168.1.121
        wire@wire-client:~$ sudo apt install docker.io
        Reading package lists... Done
        Building dependency tree
        Reading state information... Done
        The following additional packages will be installed:
          bridge-utils containerd pigz runc ubuntu-fan
        Suggested packages:
          ifupdown aufs-tools cgroupfs-mount | cgroup-lite debootstrap docker-doc
          rinse zfs-fuse | zfsutils
        The following NEW packages will be installed:
          bridge-utils containerd docker.io pigz runc ubuntu-fan
        0 upgraded, 6 newly installed, 0 to remove and 72 not upgraded.
        Need to get 74.0 MB of archives.
        After this operation, 359 MB of additional disk space will be used.
        Do you want to continue? [Y/n] y
        Get:1 http://fr.archive.ubuntu.com/ubuntu bionic/universe amd64 pigz amd64 2.4-1
         [57.4 kB]
        Get:2 http://fr.archive.ubuntu.com/ubuntu bionic/main amd64 bridge-utils amd64 1
        .5-15ubuntu1 [30.1 kB]
        Get:3 http://fr.archive.ubuntu.com/ubuntu bionic-updates/universe amd64 runc amd
        64 1.0.0~rc95-0ubuntu1~18.04.1 [4087 kB]
        Get:4 http://fr.archive.ubuntu.com/ubuntu bionic-updates/universe amd64 containe
        rd amd64 1.5.2-0ubuntu1~18.04.2 [32.9 MB]
        Get:5 http://fr.archive.ubuntu.com/ubuntu bionic-updates/universe amd64 docker.i
        o amd64 20.10.2-0ubuntu1~18.04.2 [36.9 MB]
        Get:6 http://fr.archive.ubuntu.com/ubuntu bionic/main amd64 ubuntu-fan all 0.12.
        10 [34.7 kB]
        Fetched 74.0 MB in 3s (27.5 MB/s)
        Preconfiguring packages ...
        Selecting previously unselected package pigz.
        (Reading database ... 67143 files and directories currently installed.)
        Preparing to unpack .../0-pigz_2.4-1_amd64.deb ...
        Unpacking pigz (2.4-1) ...
        Selecting previously unselected package bridge-utils.
        Preparing to unpack .../1-bridge-utils_1.5-15ubuntu1_amd64.deb ...
        Unpacking bridge-utils (1.5-15ubuntu1) ...
        Selecting previously unselected package runc.
        Preparing to unpack .../2-runc_1.0.0~rc95-0ubuntu1~18.04.1_amd64.deb ...
        Unpacking runc (1.0.0~rc95-0ubuntu1~18.04.1) ...
        Selecting previously unselected package containerd.
        Preparing to unpack .../3-containerd_1.5.2-0ubuntu1~18.04.2_amd64.deb ...
        Unpacking containerd (1.5.2-0ubuntu1~18.04.2) ...
        Selecting previously unselected package docker.io.
        Preparing to unpack .../4-docker.io_20.10.2-0ubuntu1~18.04.2_amd64.deb ...
        Unpacking docker.io (20.10.2-0ubuntu1~18.04.2) ...
        Selecting previously unselected package ubuntu-fan.
        Preparing to unpack .../5-ubuntu-fan_0.12.10_all.deb ...
        Unpacking ubuntu-fan (0.12.10) ...
        Setting up runc (1.0.0~rc95-0ubuntu1~18.04.1) ...
        Setting up containerd (1.5.2-0ubuntu1~18.04.2) ...
        Created symlink /etc/systemd/system/multi-user.target.wants/containerd.service →
         /lib/systemd/system/containerd.service.
        Setting up bridge-utils (1.5-15ubuntu1) ...
        Setting up ubuntu-fan (0.12.10) ...
        Created symlink /etc/systemd/system/multi-user.target.wants/ubuntu-fan.service →
         /lib/systemd/system/ubuntu-fan.service.
        Setting up pigz (2.4-1) ...
        Setting up docker.io (20.10.2-0ubuntu1~18.04.2) ...
        Adding group `docker' (GID 113) ...
        Done.
        Created symlink /etc/systemd/system/multi-user.target.wants/docker.service → /li
        b/systemd/system/docker.service.
        Created symlink /etc/systemd/system/sockets.target.wants/docker.socket → /lib/sy
        stemd/system/docker.socket.
        Processing triggers for systemd (237-3ubuntu10.42) ...
        Processing triggers for man-db (2.8.3-2ubuntu0.1) ...
        Processing triggers for ureadahead (0.100.0-21) ...
[14:53:43] # Running command «docker -v» on 192.168.1.121
        wire@wire-client:~$ docker -v
        Docker version 20.10.2, build 20.10.2-0ubuntu1~18.04.2
[14:53:49] # Running command «sudo rm -rf /home/wire/wire*» on 192.168.1.121
        wire@wire-client:~$ sudo rm -rf /home/wire/wire*
[14:53:55] # Running command «ls -l /home/wire/» on 192.168.1.121
        wire@wire-client:~$ ls -l /home/wire/
        total 0
[14:54:00] # Running command «date» on 192.168.1.121
        wire@wire-client:~$ date
        Wed Jul 21 12:53:58 UTC 2021
[14:54:06] # Running command «uptime» on 192.168.1.121
        wire@wire-client:~$ uptime
         12:54:03 up 6 min,  0 users,  load average: 1.22, 0.87, 0.39
[14:54:14] # Running command «sudo apt update» on 192.168.1.121
        wire@wire-client:~$ sudo apt update
        Hit:1 http://fr.archive.ubuntu.com/ubuntu bionic InRelease
        Hit:2 http://fr.archive.ubuntu.com/ubuntu bionic-updates InRelease
        Hit:3 http://fr.archive.ubuntu.com/ubuntu bionic-backports InRelease
        Hit:4 http://fr.archive.ubuntu.com/ubuntu bionic-security InRelease
        Reading package lists... Done
        Building dependency tree
        Reading state information... Done
        72 packages can be upgraded. Run 'apt list --upgradable' to see them.
[14:54:20] # Running command «sudo dpkg --configure -a» on 192.168.1.121
        wire@wire-client:~$ sudo dpkg --configure -a
[14:54:25] # Running command «date» on 95.216.208.159
        wire@arthur-demo:~$ date
        Wed Jul 21 14:54:23 CEST 2021
[14:54:30] # Running command «uptime» on 95.216.208.159
        wire@arthur-demo:~$ uptime
         14:54:28 up 9 days,  4:31,  0 users,  load average: 0.81, 0.95, 1.13
[14:54:43] # Running command «sudo apt update» on 95.216.208.159
        wire@arthur-demo:~$ sudo apt update
        Hit:1 http://mirror.hetzner.de/ubuntu/packages bionic InRelease
        Hit:2 http://mirror.hetzner.de/ubuntu/packages bionic-updates InRelease
        Hit:3 https://download.docker.com/linux/ubuntu bionic InRelease
        Hit:4 http://mirror.hetzner.de/ubuntu/packages bionic-backports InRelease
        Hit:5 https://mirror.hetzner.com/ubuntu/packages bionic InRelease
        Hit:6 http://mirror.hetzner.de/ubuntu/packages bionic-security InRelease
        Hit:7 https://mirror.hetzner.com/ubuntu/packages bionic-updates InRelease
        Hit:8 https://mirror.hetzner.com/ubuntu/packages bionic-backports InRelease
        Hit:9 https://mirror.hetzner.com/ubuntu/security bionic-security InRelease
        Reading package lists... Done
        Building dependency tree
        Reading state information... Done
        16 packages can be upgraded. Run 'apt list --upgradable' to see them.
[14:54:48] # Running command «sudo dpkg --configure -a» on 95.216.208.159
        wire@arthur-demo:~$ sudo dpkg --configure -a
[14:54:56] # Running command «sudo apt install docker.io» on 192.168.1.121
        wire@wire-client:~$ sudo apt install docker.io
        Reading package lists... Done
        Building dependency tree
        Reading state information... Done
        docker.io is already the newest version (20.10.2-0ubuntu1~18.04.2).
        0 upgraded, 0 newly installed, 0 to remove and 72 not upgraded.
[14:55:02] # Running command «docker -v» on 192.168.1.121
        wire@wire-client:~$ docker -v
        Docker version 20.10.2, build 20.10.2-0ubuntu1~18.04.2
[14:55:11] # Running command «git clone --branch master https://github.com/wireapp/wire-server-deploy.git» on 192.168.1.121
        wire@wire-client:~$ git clone --branch master https://github.com/wireapp/wire-se
        rver-deploy.git
        Cloning into 'wire-server-deploy'...
        remote: Enumerating objects: 18502, done.
        remote: Counting objects: 100% (335/335), done.
        remote: Compressing objects: 100% (214/214), done.
        remote: Total 18502 (delta 165), reused 232 (delta 115), pack-reused 18167
        Receiving objects: 100% (18502/18502), 2.20 MiB | 3.84 MiB/s, done.
        Resolving deltas: 100% (13821/13821), done.
[14:55:17] # Running command «ls -l» on 192.168.1.121
        wire@wire-client:~$ ls -l
        total 4
        drwxrwxr-x 12 wire wire 4096 Jul 21 12:55 wire-server-deploy
[14:55:23] # Running command «cd ~/wire-server-deploy» on 192.168.1.121
        wire@wire-client:~$ cd ~/wire-server-deploy
[14:55:29] # Running command «pwd» on 192.168.1.121
        wire@wire-client:~/wire-server-deploy$ pwd
        /home/wire/wire-server-deploy
[14:55:35] # Running command «ls -l» on 192.168.1.121
        wire@wire-client:~/wire-server-deploy$ ls -l
        total 108
        -rw-rw-r--  1 wire wire 16072 Jul 21 12:55 CHANGELOG.md
        -rw-rw-r--  1 wire wire  1531 Jul 21 12:55 CONTRIBUTING.md
        -rw-rw-r--  1 wire wire   252 Jul 21 12:55 Dockerfile
        -rw-rw-r--  1 wire wire 34520 Jul 21 12:55 LICENSE
        -rw-rw-r--  1 wire wire  5893 Jul 21 12:55 Makefile
        -rw-rw-r--  1 wire wire  2251 Jul 21 12:55 README.md
        drwxrwxr-x  9 wire wire  4096 Jul 21 12:55 ansible
        drwxrwxr-x  3 wire wire  4096 Jul 21 12:55 bin
        -rw-rw-r--  1 wire wire  2338 Jul 21 12:55 default.nix
        drwxrwxr-x  5 wire wire  4096 Jul 21 12:55 examples
        drwxrwxr-x  2 wire wire  4096 Jul 21 12:55 helm
        drwxrwxr-x  4 wire wire  4096 Jul 21 12:55 nix
        drwxrwxr-x  2 wire wire  4096 Jul 21 12:55 offline
        drwxrwxr-x  5 wire wire  4096 Jul 21 12:55 terraform
        drwxrwxr-x 15 wire wire  4096 Jul 21 12:55 values
[14:56:01] # Running command «git submodule update --init --recursive» on 192.168.1.121
        wire@wire-client:~/wire-server-deploy$ git submodule update --init --recursive
        Submodule 'ansible/roles-external/ANXS.apt' (https://github.com/ANXS/apt.git) re
        gistered for path 'ansible/roles-external/ANXS.apt'
        Submodule 'ansible/roles-external/admin_users' (https://github.com/cchurch/ansib
        le-role-admin-users.git) registered for path 'ansible/roles-external/admin_users
        '
        Submodule 'ansible/roles-external/andrewrothstein.unarchive-deps' (https://githu
        b.com/andrewrothstein/ansible-unarchive-deps) registered for path 'ansible/roles
        -external/andrewrothstein.unarchive-deps'
        Submodule 'ansible/roles-external/ansible-cassandra' (https://github.com/wireapp
        /ansible-cassandra.git) registered for path 'ansible/roles-external/ansible-cass
        andra'
        Submodule 'ansible/roles-external/ansible-minio' (https://github.com/wireapp/ans
        ible-minio.git) registered for path 'ansible/roles-external/ansible-minio'
        Submodule 'ansible/roles-external/ansible-ntp-verify' (https://github.com/wireap
        p/ansible-ntp-verify.git) registered for path 'ansible/roles-external/ansible-nt
        p-verify'
        Submodule 'ansible/roles-external/ansible-restund' (https://github.com/wireapp/a
        nsible-restund.git) registered for path 'ansible/roles-external/ansible-restund'
        Submodule 'ansible/roles-external/ansible-role-java' (https://github.com/geerlin
        gguy/ansible-role-java.git) registered for path 'ansible/roles-external/ansible-
        role-java'
        Submodule 'ansible/roles-external/ansible-role-ntp' (https://github.com/geerling
        guy/ansible-role-ntp.git) registered for path 'ansible/roles-external/ansible-ro
        le-ntp'
        Submodule 'ansible/roles-external/ansible-tinc' (https://github.com/wireapp/ansi
        ble-tinc.git) registered for path 'ansible/roles-external/ansible-tinc'
        Submodule 'ansible/roles-external/cloudalchemy.node-exporter' (https://github.co
        m/cloudalchemy/ansible-node-exporter) registered for path 'ansible/roles-externa
        l/cloudalchemy.node-exporter'
        Submodule 'ansible/roles-external/elasticsearch' (https://github.com/elastic/ans
        ible-elasticsearch.git) registered for path 'ansible/roles-external/elasticsearc
        h'
        Submodule 'ansible/roles-external/hostname' (https://github.com/ANXS/hostname.gi
        t) registered for path 'ansible/roles-external/hostname'
        Submodule 'ansible/roles-external/kubespray' (https://github.com/kubernetes-sigs
        /kubespray.git) registered for path 'ansible/roles-external/kubespray'
        Submodule 'ansible/roles-external/logrotate' (https://github.com/nickhammond/ans
        ible-logrotate.git) registered for path 'ansible/roles-external/logrotate'
        Submodule 'ansible/roles-external/sft' (https://github.com/wireapp/ansible-sft.g
        it) registered for path 'ansible/roles-external/sft'
        Cloning into '/home/wire/wire-server-deploy/ansible/roles-external/ANXS.apt'...
        Cloning into '/home/wire/wire-server-deploy/ansible/roles-external/admin_users'.
        ..
        Cloning into '/home/wire/wire-server-deploy/ansible/roles-external/andrewrothste
        in.unarchive-deps'...
        Cloning into '/home/wire/wire-server-deploy/ansible/roles-external/ansible-cassa
        ndra'...
        Cloning into '/home/wire/wire-server-deploy/ansible/roles-external/ansible-minio
        '...
        Cloning into '/home/wire/wire-server-deploy/ansible/roles-external/ansible-ntp-v
        erify'...
        Cloning into '/home/wire/wire-server-deploy/ansible/roles-external/ansible-restu
        nd'...
        Cloning into '/home/wire/wire-server-deploy/ansible/roles-external/ansible-role-
        java'...
        Cloning into '/home/wire/wire-server-deploy/ansible/roles-external/ansible-role-
        ntp'...
        Cloning into '/home/wire/wire-server-deploy/ansible/roles-external/ansible-tinc'
        ...
        Cloning into '/home/wire/wire-server-deploy/ansible/roles-external/cloudalchemy.
        node-exporter'...
        Cloning into '/home/wire/wire-server-deploy/ansible/roles-external/elasticsearch
        '...
        Cloning into '/home/wire/wire-server-deploy/ansible/roles-external/hostname'...
        Cloning into '/home/wire/wire-server-deploy/ansible/roles-external/kubespray'...
        Cloning into '/home/wire/wire-server-deploy/ansible/roles-external/logrotate'...
        Cloning into '/home/wire/wire-server-deploy/ansible/roles-external/sft'...
        Submodule path 'ansible/roles-external/ANXS.apt': checked out 'f602ba7e88abfbb3a
        f6679a8ca47207dc3e9d9c4'
        Submodule path 'ansible/roles-external/admin_users': checked out 'd5bcef7e925ee1
        acf4e42359f0a95ed788eea58f'
        Submodule path 'ansible/roles-external/andrewrothstein.unarchive-deps': checked
        out '4485543262cfe04170d1ec02c8ccb95c44a7a222'
        Submodule path 'ansible/roles-external/ansible-cassandra': checked out '8a0f029f
        533856e8270d7fd74d75c099a677b2e3'
        Submodule path 'ansible/roles-external/ansible-minio': checked out '22ab28f75c00
        7a0c48dc47db574773773ef19d22'
        Submodule path 'ansible/roles-external/ansible-ntp-verify': checked out '4c3d0c6
        7d32d2d74444f4db45b2a4d2efdc7d590'
        Submodule path 'ansible/roles-external/ansible-restund': checked out '9807313a7c
        72ffa40e74f69d239404fd87db65ab'
        Submodule path 'ansible/roles-external/ansible-role-java': checked out '13b42705
        5702d9e91558cad7dcccab7db91e5663'
        Submodule path 'ansible/roles-external/ansible-role-ntp': checked out 'af1ec6238
        5c899a3e3f24407d8417adcdc9eea60'
        Submodule path 'ansible/roles-external/ansible-tinc': checked out '42951a951f638
        1e387174178bf3bff228b6a5dc5'
        Submodule path 'ansible/roles-external/cloudalchemy.node-exporter': checked out
        '8dc13ae077e3da1a71c268b114cd4fb8103ced80'
        Submodule path 'ansible/roles-external/elasticsearch': checked out '389a3ff45f8f
        51de95313ca0354cedcdc92b16f4'
        Submodule path 'ansible/roles-external/hostname': checked out 'da6f329b2984e84d2
        248d4251e0c679c53dfbb30'
        Submodule path 'ansible/roles-external/kubespray': checked out 'c7658c0256bfeb50
        913ac73f638a760680e4dd6d'
        Submodule path 'ansible/roles-external/logrotate': checked out '91d570f68c44261d
        2051a99a2b3c7d736306bf0d'
        Submodule path 'ansible/roles-external/sft': checked out '126fde847dfc9deffeef8b
        a133c541c16628a63a'
[14:56:07] # Running command «mkdir -p wire-server» on 192.168.1.121
        wire@wire-client:~/wire-server-deploy$ mkdir -p wire-server
[14:56:13] # Running command «cd wire-server» on 192.168.1.121
        wire@wire-client:~/wire-server-deploy$ cd wire-server
[14:56:19] # Running command «pwd» on 192.168.1.121
        wire@wire-client:~/wire-server-deploy/wire-server$ pwd
        /home/wire/wire-server-deploy/wire-server
[14:56:25] # Running command «curl -sSL https://raw.githubusercontent.com/wireapp/wire-server-deploy/master/values/wire-server/demo-secrets.example.yaml > secrets.yaml» on 192.168.1.121
        wire@wire-client:~/wire-server-deploy/wire-server$ curl -sSL https://raw.githubu
        sercontent.com/wireapp/wire-server-deploy/master/values/wire-server/demo-secrets
        .example.yaml > secrets.yaml
[14:56:31] # Running command «curl -sSL https://raw.githubusercontent.com/wireapp/wire-server-deploy/master/values/wire-server/demo-values.example.yaml > values.yaml» on 192.168.1.121
        wire@wire-client:~/wire-server-deploy/wire-server$ curl -sSL https://raw.githubu
        sercontent.com/wireapp/wire-server-deploy/master/values/wire-server/demo-values.
        example.yaml > values.yaml
[14:56:37] # Running command «openssl rand -base64 64 | env LC_CTYPE=C tr -dc a-zA-Z0-9 | head -c 42 > restund.txt» on 192.168.1.121
        wire@wire-client:~/wire-server-deploy/wire-server$ openssl rand -base64 64 | env
         LC_CTYPE=C tr -dc a-zA-Z0-9 | head -c 42 > restund.txt
[14:57:56] # Running command «sudo docker run --rm quay.io/wire/alpine-intermediate /dist/zauth -m gen-keypair -i 1 > zauth.txt» on 192.168.1.121
        wire@wire-client:~/wire-server-deploy/wire-server$ sudo docker run --rm quay.io/
        wire/alpine-intermediate /dist/zauth -m gen-keypair -i 1 > zauth.txt
        Unable to find image 'quay.io/wire/alpine-intermediate:latest' locally
        latest: Pulling from wire/alpine-intermediate
        188c0c94c7c5: Pulling fs layer
        edebdc4a6437: Pulling fs layer
        d9b6d5749552: Pulling fs layer
        0dd342b35df2: Pulling fs layer
        ea7c73d2e35b: Pulling fs layer
        0dd342b35df2: Waiting
        ea7c73d2e35b: Waiting
        edebdc4a6437: Verifying Checksum
        edebdc4a6437: Download complete
        d9b6d5749552: Verifying Checksum
        d9b6d5749552: Download complete
        188c0c94c7c5: Download complete
        188c0c94c7c5: Pull complete
        ea7c73d2e35b: Verifying Checksum
        ea7c73d2e35b: Download complete
        edebdc4a6437: Pull complete
        d9b6d5749552: Pull complete
        0dd342b35df2: Verifying Checksum
        0dd342b35df2: Download complete
        0dd342b35df2: Pull complete
        ea7c73d2e35b: Pull complete
        Digest: sha256:bfb7dfd21e389ec699527f3cdad32d158ecab12577404c4578001af7c899d044
        Status: Downloaded newer image for quay.io/wire/alpine-intermediate:latest
[14:58:02] # Running command «ls -l» on 192.168.1.121
        wire@wire-client:~/wire-server-deploy/wire-server$ ls -l
        total 20
        -rw-rw-r-- 1 wire wire   42 Jul 21 12:56 restund.txt
        -rw-rw-r-- 1 wire wire 1949 Jul 21 12:56 secrets.yaml
        -rw-rw-r-- 1 wire wire 7642 Jul 21 12:56 values.yaml
        -rw-rw-r-- 1 wire wire  150 Jul 21 12:57 zauth.txt
[14:58:09] # Running command «curl -sSL https://raw.githubusercontent.com/wireapp/wire-server-deploy/master/values/wire-server/prod-values.example.yaml > prod-values.yaml» on 192.168.1.121
        wire@wire-client:~/wire-server-deploy/wire-server$ curl -sSL https://raw.githubu
        sercontent.com/wireapp/wire-server-deploy/master/values/wire-server/prod-values.
        example.yaml > prod-values.yaml
[14:58:15] # Running command «grep 'spar:' prod-values.yaml -A 24 > spar.yaml» on 192.168.1.121
        wire@wire-client:~/wire-server-deploy/wire-server$ grep 'spar:' prod-values.yaml
         -A 24 > spar.yaml
[14:58:21] # Running command «sed -i 's/cassandra-external/cassandra-ephemeral/' spar.yaml» on 192.168.1.121
        wire@wire-client:~/wire-server-deploy/wire-server$ sed -i 's/cassandra-external/
        cassandra-ephemeral/' spar.yaml
[14:58:27] # Running command «ls -l» on 192.168.1.121
        wire@wire-client:~/wire-server-deploy/wire-server$ ls -l
        total 40
        -rw-rw-r-- 1 wire wire 12606 Jul 21 12:58 prod-values.yaml
        -rw-rw-r-- 1 wire wire    42 Jul 21 12:56 restund.txt
        -rw-rw-r-- 1 wire wire  1949 Jul 21 12:56 secrets.yaml
        -rw-rw-r-- 1 wire wire   744 Jul 21 12:58 spar.yaml
        -rw-rw-r-- 1 wire wire  7642 Jul 21 12:56 values.yaml
        -rw-rw-r-- 1 wire wire   150 Jul 21 12:57 zauth.txt
[14:58:33] # Running command «cat restund.txt && echo» on 192.168.1.121
        wire@wire-client:~/wire-server-deploy/wire-server$ cat restund.txt && echo
        urFhdIUbWgMuQZVgd5yOpoC3cfWwIX7u9ix3djAGws
[14:58:39] # Running command «cat zauth.txt» on 192.168.1.121
        wire@wire-client:~/wire-server-deploy/wire-server$ cat zauth.txt
        public: lsS6UHpnFe30ZdkehU1uGEv3n8PMAREifds8cIYzXkQ=
        secret: lMS1OQEvgz12GSnz6T715lfvkJuDitPpoRDzoZqtRsuWxLpQemcV7fRl2R6FTW4YS_efw8wB
        ESJ92zxwhjNeRA==
[14:58:45] # Running command «sed -i 's/secret:$/secret: urFhdIUbWgMuQZVgd5yOpoC3cfWwIX7u9ix3djAGws/' secrets.yaml» on 192.168.1.121
        wire@wire-client:~/wire-server-deploy/wire-server$ sed -i 's/secret:$/secret: ur
        FhdIUbWgMuQZVgd5yOpoC3cfWwIX7u9ix3djAGws/' secrets.yaml
[14:58:51] # Running command «sed -i 's/publicKeys: "<public key>"/publicKeys: "lsS6UHpnFe30ZdkehU1uGEv3n8PMAREifds8cIYzXkQ="/' secrets.yaml» on 192.168.1.121
        wire@wire-client:~/wire-server-deploy/wire-server$ sed -i 's/publicKeys: "<publi
        c key>"/publicKeys: "lsS6UHpnFe30ZdkehU1uGEv3n8PMAREifds8cIYzXkQ="/' secrets.yam
        l
[14:58:57] # Running command «sed -i 's/privateKeys: "<private key>"/privateKeys: "lMS1OQEvgz12GSnz6T715lfvkJuDitPpoRDzoZqtRsuWxLpQemcV7fRl2R6FTW4YS_efw8wBESJ92zxwhjNeRA=="/' secrets.yaml» on 192.168.1.121
        wire@wire-client:~/wire-server-deploy/wire-server$ sed -i 's/privateKeys: "<priv
        ate key>"/privateKeys: "lMS1OQEvgz12GSnz6T715lfvkJuDitPpoRDzoZqtRsuWxLpQemcV7fRl
        2R6FTW4YS_efw8wBESJ92zxwhjNeRA=="/' secrets.yaml
[14:59:03] # Running command «cat secrets.yaml | grep 'urFhdIUbWgMuQZVgd5yOpoC3cfWwIX7u9ix3djAGws'» on 192.168.1.121
        wire@wire-client:~/wire-server-deploy/wire-server$ cat secrets.yaml | grep 'urFh
        dIUbWgMuQZVgd5yOpoC3cfWwIX7u9ix3djAGws'
              secret: urFhdIUbWgMuQZVgd5yOpoC3cfWwIX7u9ix3djAGws
[14:59:08] # Running command «cat secrets.yaml | grep 'lsS6UHpnFe30ZdkehU1uGEv3n8PMAREifds8cIYzXkQ='» on 192.168.1.121
        wire@wire-client:~/wire-server-deploy/wire-server$ cat secrets.yaml | grep 'lsS6
        UHpnFe30ZdkehU1uGEv3n8PMAREifds8cIYzXkQ='
              publicKeys: "lsS6UHpnFe30ZdkehU1uGEv3n8PMAREifds8cIYzXkQ="
              publicKeys: "lsS6UHpnFe30ZdkehU1uGEv3n8PMAREifds8cIYzXkQ="
[14:59:14] # Running command «cat secrets.yaml | grep 'lMS1OQEvgz12GSnz6T715lfvkJuDitPpoRDzoZqtRsuWxLpQemcV7fRl2R6FTW4YS_efw8wBESJ92zxwhjNeRA=='» on 192.168.1.121
        wire@wire-client:~/wire-server-deploy/wire-server$ cat secrets.yaml | grep 'lMS1
        OQEvgz12GSnz6T715lfvkJuDitPpoRDzoZqtRsuWxLpQemcV7fRl2R6FTW4YS_efw8wBESJ92zxwhjNe
        RA=='
              privateKeys: "lMS1OQEvgz12GSnz6T715lfvkJuDitPpoRDzoZqtRsuWxLpQemcV7fRl2R6F
        TW4YS_efw8wBESJ92zxwhjNeRA=="
[14:59:20] # Running command «cat values.yaml | grep spar» on 192.168.1.121
        wire@wire-client:~/wire-server-deploy/wire-server$ cat values.yaml | grep spar
          spar: false # enable if you want/need Single-Sign-On (SSO)
[14:59:26] # Running command «sed -i 's/spar: false/spar: true/' values.yaml» on 192.168.1.121
        wire@wire-client:~/wire-server-deploy/wire-server$ sed -i 's/spar: false/spar: t
        rue/' values.yaml
[14:59:32] # Running command «cat spar.yaml >> values.yaml» on 192.168.1.121
        wire@wire-client:~/wire-server-deploy/wire-server$ cat spar.yaml >> values.yaml
[14:59:37] # Running command «cat values.yaml | grep spar» on 192.168.1.121
        wire@wire-client:~/wire-server-deploy/wire-server$ cat values.yaml | grep spar
          spar: true # enable if you want/need Single-Sign-On (SSO)
        spar:
[14:59:43] # Running command «grep demo-smtp values.yaml -A 3» on 192.168.1.121
        wire@wire-client:~/wire-server-deploy/wire-server$ grep demo-smtp values.yaml -A
         3
              host: demo-smtp # change this if you want to use your own SMTP server
              port: 25        # change this
              connType: plain # change this. Possible values: plain|ssl|tls
        #    proxy:
[14:59:49] # Running command «sed -i 's/host: demo-smtp/host: smtp.gmail.com/' values.yaml» on 192.168.1.121
        wire@wire-client:~/wire-server-deploy/wire-server$ sed -i 's/host: demo-smtp/hos
        t: smtp.gmail.com/' values.yaml
[14:59:55] # Running command «sed -i 's/port: 25/port: 587/' values.yaml» on 192.168.1.121
        wire@wire-client:~/wire-server-deploy/wire-server$ sed -i 's/port: 25/port: 587/
        ' values.yaml
[15:00:01] # Running command «sed -i 's/connType: plain/connType: tls/' values.yaml» on 192.168.1.121
        wire@wire-client:~/wire-server-deploy/wire-server$ sed -i 's/connType: plain/con
        nType: tls/' values.yaml
[15:00:07] # Running command «grep smtp.gmail.com values.yaml -A 5» on 192.168.1.121
        wire@wire-client:~/wire-server-deploy/wire-server$ grep smtp.gmail.com values.ya
        ml -A 5
              host: smtp.gmail.com # change this if you want to use your own SMTP server
              port: 587        # change this
              connType: tls # change this. Possible values: plain|ssl|tls
        #    proxy:
        #      httpProxy: "http://proxy.example.com"
        #      httpsProxy: "https://proxy.example.com"
