[18:33:01] # Logging to: wire-install-2021-Jul-14-18-33-01.log in log/ and tmp/
[18:33:01] # Shutting down virtual machine "Wire Demo Client Clone"
[18:33:02] # Deleting virtual machine "Wire Demo Client Clone"
[18:33:03] # Creating virtual machine "Wire Demo Client Clone" from snapshot
[18:33:05] # Starting virtual machine "Wire Demo Client Clone"
[18:33:13] # Initial install of tmux on 192.168.1.121
[18:33:24] # Running command «sudo date --set="Wed Jul 14 2021 18:33:07 GMT+0200 (Central European Summer Time)"» on 192.168.1.121
        wire@wire-client:~$ sudo date --set="Wed Jul 14 2021 18:33:07 GMT+0200 (Central
        European Summer Time)"
        [sudo] password for wire:
        Wed Jul 14 16:33:07 UTC 2021
[18:33:24] # Initial install of tmux on 95.216.208.159
[18:33:33] # Running command «sudo date --set="Wed Jul 14 2021 18:33:24 GMT+0200 (Central European Summer Time)"» on 95.216.208.159
        wire@arthur-demo:~$ sudo date --set="Wed Jul 14 2021 18:33:24 GMT+0200 (Central
        European Summer Time)"
        [sudo] password for wire:
        Wed Jul 14 18:33:24 CEST 2021
[18:33:39] # Running command «cat /proc/cpuinfo | grep processor | wc -l» on 192.168.1.121
        wire@wire-client:~$ cat /proc/cpuinfo | grep processor | wc -l
        2
[18:33:45] # Running command «free -m && uptime» on 192.168.1.121
        wire@wire-client:~$ free -m && uptime
                      total        used        free      shared  buff/cache   available
        Mem:           2928         111        2621           0         195        2671
        Swap:          3943           0        3943
         16:33:28 up 2 min,  0 users,  load average: 0.65, 0.35, 0.14
[18:33:50] # Running command «cat /proc/cpuinfo | grep processor | wc -l» on 95.216.208.159
        wire@arthur-demo:~$ cat /proc/cpuinfo | grep processor | wc -l
        8
[18:33:55] # Running command «free -m && uptime» on 95.216.208.159
        wire@arthur-demo:~$ free -m && uptime
                      total        used        free      shared  buff/cache   available
        Mem:          15661         116       15254           0         290       15282
        Swap:             0           0           0
         18:33:52 up 2 days,  8:11,  0 users,  load average: 0.00, 0.00, 0.00
[18:34:01] # Running command «cd» on 192.168.1.121
        wire@wire-client:~$ cd
[18:34:06] # Running command «cat /etc/hostname» on 192.168.1.121
        wire@wire-client:~$ cat /etc/hostname
        wire-client
[18:34:12] # Running command «pwd» on 192.168.1.121
        wire@wire-client:~$ pwd
        /home/wire
[18:34:18] # Running command «date» on 192.168.1.121
        wire@wire-client:~$ date
        Wed Jul 14 16:34:15 UTC 2021
[18:34:24] # Running command «uptime» on 192.168.1.121
        wire@wire-client:~$ uptime
         16:34:21 up 2 min,  0 users,  load average: 0.38, 0.32, 0.13
[18:34:47] # Running command «sudo apt update» on 192.168.1.121
        wire@wire-client:~$ sudo apt update
        [sudo] password for wire:
        Hit:1 http://fr.archive.ubuntu.com/ubuntu bionic InRelease
        Get:2 http://fr.archive.ubuntu.com/ubuntu bionic-updates InRelease [88.7 kB]
        Get:3 http://fr.archive.ubuntu.com/ubuntu bionic-backports InRelease [74.6 kB]
        Get:4 http://fr.archive.ubuntu.com/ubuntu bionic-security InRelease [88.7 kB]
        Get:5 http://fr.archive.ubuntu.com/ubuntu bionic-updates/main amd64 Packages [21
        31 kB]
        Get:6 http://fr.archive.ubuntu.com/ubuntu bionic-updates/main Translation-en [42
        2 kB]
        Get:7 http://fr.archive.ubuntu.com/ubuntu bionic-updates/restricted amd64 Packag
        es [389 kB]
        Get:8 http://fr.archive.ubuntu.com/ubuntu bionic-updates/restricted Translation-
        en [52.8 kB]
        Get:9 http://fr.archive.ubuntu.com/ubuntu bionic-updates/universe amd64 Packages
         [1739 kB]
        Get:10 http://fr.archive.ubuntu.com/ubuntu bionic-updates/universe Translation-e
        n [371 kB]
        Get:11 http://fr.archive.ubuntu.com/ubuntu bionic-security/main amd64 Packages [
        1784 kB]
        Get:12 http://fr.archive.ubuntu.com/ubuntu bionic-security/main Translation-en [
        329 kB]
        Get:13 http://fr.archive.ubuntu.com/ubuntu bionic-security/restricted amd64 Pack
        ages [365 kB]
        Get:14 http://fr.archive.ubuntu.com/ubuntu bionic-security/restricted Translatio
        n-en [48.9 kB]
        Get:15 http://fr.archive.ubuntu.com/ubuntu bionic-security/universe amd64 Packag
        es [1130 kB]
        Get:16 http://fr.archive.ubuntu.com/ubuntu bionic-security/universe Translation-
        en [256 kB]
        Fetched 9270 kB in 4s (2611 kB/s)
        Reading package lists... Done
        Building dependency tree
        Reading state information... Done
        71 packages can be upgraded. Run 'apt list --upgradable' to see them.
[18:36:01] # Running command «sudo dpkg --configure -a» on 192.168.1.121
        wire@wire-client:~$ sudo dpkg --configure -a
        Setting up initramfs-tools (0.130ubuntu3.9) ...
        update-initramfs: deferring update (trigger activated)
        Processing triggers for initramfs-tools (0.130ubuntu3.9) ...
        update-initramfs: Generating /boot/initrd.img-4.15.0-144-generic
[18:37:59] # Running command «sudo apt install docker.io» on 192.168.1.121
        wire@wire-client:~$ sudo apt install docker.io
        Reading package lists... Done
        Building dependency tree
        Reading state information... Done
        The following additional packages will be installed:
          bridge-utils containerd pigz runc ubuntu-fan
        Suggested packages:
          ifupdown aufs-tools cgroupfs-mount | cgroup-lite debootstrap docker-doc
          rinse zfs-fuse | zfsutils
        The following NEW packages will be installed:
          bridge-utils containerd docker.io pigz runc ubuntu-fan
        0 upgraded, 6 newly installed, 0 to remove and 71 not upgraded.
        Need to get 72.1 MB of archives.
        After this operation, 351 MB of additional disk space will be used.
        Do you want to continue? [Y/n] y
        Get:1 http://fr.archive.ubuntu.com/ubuntu bionic/universe amd64 pigz amd64 2.4-1
         [57.4 kB]
        Get:2 http://fr.archive.ubuntu.com/ubuntu bionic/main amd64 bridge-utils amd64 1
        .5-15ubuntu1 [30.1 kB]
        Get:3 http://fr.archive.ubuntu.com/ubuntu bionic-updates/universe amd64 runc amd
        64 1.0.0~rc95-0ubuntu1~18.04.1 [4087 kB]
        Get:4 http://fr.archive.ubuntu.com/ubuntu bionic-updates/universe amd64 containe
        rd amd64 1.4.4-0ubuntu1~18.04.2 [31.0 MB]
        Get:5 http://fr.archive.ubuntu.com/ubuntu bionic-updates/universe amd64 docker.i
        o amd64 20.10.2-0ubuntu1~18.04.2 [36.9 MB]
        Get:6 http://fr.archive.ubuntu.com/ubuntu bionic/main amd64 ubuntu-fan all 0.12.
        10 [34.7 kB]
        Fetched 72.1 MB in 4s (16.9 MB/s)
        Preconfiguring packages ...
        Selecting previously unselected package pigz.
        (Reading database ... 67143 files and directories currently installed.)
        Preparing to unpack .../0-pigz_2.4-1_amd64.deb ...
        Unpacking pigz (2.4-1) ...
        Selecting previously unselected package bridge-utils.
        Preparing to unpack .../1-bridge-utils_1.5-15ubuntu1_amd64.deb ...
        Unpacking bridge-utils (1.5-15ubuntu1) ...
        Selecting previously unselected package runc.
        Preparing to unpack .../2-runc_1.0.0~rc95-0ubuntu1~18.04.1_amd64.deb ...
        Unpacking runc (1.0.0~rc95-0ubuntu1~18.04.1) ...
        Selecting previously unselected package containerd.
        Preparing to unpack .../3-containerd_1.4.4-0ubuntu1~18.04.2_amd64.deb ...
        Unpacking containerd (1.4.4-0ubuntu1~18.04.2) ...
        Selecting previously unselected package docker.io.
        Preparing to unpack .../4-docker.io_20.10.2-0ubuntu1~18.04.2_amd64.deb ...
        Unpacking docker.io (20.10.2-0ubuntu1~18.04.2) ...
        Selecting previously unselected package ubuntu-fan.
        Preparing to unpack .../5-ubuntu-fan_0.12.10_all.deb ...
        Unpacking ubuntu-fan (0.12.10) ...
        Setting up runc (1.0.0~rc95-0ubuntu1~18.04.1) ...
        Setting up containerd (1.4.4-0ubuntu1~18.04.2) ...
        Created symlink /etc/systemd/system/multi-user.target.wants/containerd.service →
         /lib/systemd/system/containerd.service.
        Setting up bridge-utils (1.5-15ubuntu1) ...
        Setting up ubuntu-fan (0.12.10) ...
        Created symlink /etc/systemd/system/multi-user.target.wants/ubuntu-fan.service →
         /lib/systemd/system/ubuntu-fan.service.
        Setting up pigz (2.4-1) ...
        Setting up docker.io (20.10.2-0ubuntu1~18.04.2) ...
        Adding group `docker' (GID 113) ...
        Done.
        Created symlink /etc/systemd/system/multi-user.target.wants/docker.service → /li
        b/systemd/system/docker.service.
        Created symlink /etc/systemd/system/sockets.target.wants/docker.socket → /lib/sy
        stemd/system/docker.socket.
        Processing triggers for systemd (237-3ubuntu10.42) ...
        Processing triggers for man-db (2.8.3-2ubuntu0.1) ...
        Processing triggers for ureadahead (0.100.0-21) ...
[18:38:05] # Running command «docker -v» on 192.168.1.121
        wire@wire-client:~$ docker -v
        Docker version 20.10.2, build 20.10.2-0ubuntu1~18.04.2
[18:38:10] # Running command «sudo rm -rf /home/wire/wire*» on 192.168.1.121
        wire@wire-client:~$ sudo rm -rf /home/wire/wire*
[18:38:16] # Running command «ls -l /home/wire/» on 192.168.1.121
        wire@wire-client:~$ ls -l /home/wire/
        total 0
[18:38:22] # Running command «date» on 192.168.1.121
        wire@wire-client:~$ date
        Wed Jul 14 16:38:19 UTC 2021
[18:38:27] # Running command «uptime» on 192.168.1.121
        wire@wire-client:~$ uptime
         16:38:24 up 6 min,  0 users,  load average: 1.09, 0.84, 0.40
[18:38:35] # Running command «sudo apt update» on 192.168.1.121
        wire@wire-client:~$ sudo apt update
        Hit:1 http://fr.archive.ubuntu.com/ubuntu bionic InRelease
        Hit:2 http://fr.archive.ubuntu.com/ubuntu bionic-updates InRelease
        Hit:3 http://fr.archive.ubuntu.com/ubuntu bionic-backports InRelease
        Hit:4 http://fr.archive.ubuntu.com/ubuntu bionic-security InRelease
        Reading package lists... Done
        Building dependency tree
        Reading state information... Done
        71 packages can be upgraded. Run 'apt list --upgradable' to see them.
[18:38:41] # Running command «sudo dpkg --configure -a» on 192.168.1.121
        wire@wire-client:~$ sudo dpkg --configure -a
[18:38:46] # Running command «date» on 95.216.208.159
        wire@arthur-demo:~$ date
        Wed Jul 14 18:38:44 CEST 2021
[18:38:51] # Running command «uptime» on 95.216.208.159
        wire@arthur-demo:~$ uptime
         18:38:49 up 2 days,  8:15,  0 users,  load average: 0.00, 0.00, 0.00
[18:39:18] # Running command «sudo apt update» on 95.216.208.159
        wire@arthur-demo:~$ sudo apt update
        Get:1 http://mirror.hetzner.de/ubuntu/packages bionic InRelease [242 kB]
        Get:2 https://mirror.hetzner.com/ubuntu/packages bionic InRelease [242 kB]
        Get:3 http://mirror.hetzner.de/ubuntu/packages bionic-updates InRelease [88.7 kB
        ]
        Get:4 http://mirror.hetzner.de/ubuntu/packages bionic-backports InRelease [74.6
        kB]
        Get:5 https://mirror.hetzner.com/ubuntu/packages bionic-updates InRelease [88.7
        kB]
        Get:6 http://mirror.hetzner.de/ubuntu/packages bionic-security InRelease [88.7 k
        B]
        Get:7 https://mirror.hetzner.com/ubuntu/packages bionic-backports InRelease [74.
        6 kB]
        Get:8 https://mirror.hetzner.com/ubuntu/security bionic-security InRelease [88.7
         kB]
        Get:9 http://mirror.hetzner.de/ubuntu/packages bionic/main i386 Packages [1,007
        kB]
        Get:10 http://mirror.hetzner.de/ubuntu/packages bionic/main amd64 Packages [1,01
        9 kB]
        Get:11 http://mirror.hetzner.de/ubuntu/packages bionic/main Translation-en [516
        kB]
        Get:12 http://mirror.hetzner.de/ubuntu/packages bionic/restricted i386 Packages
        [9,156 B]
        Get:13 http://mirror.hetzner.de/ubuntu/packages bionic/restricted amd64 Packages
         [9,184 B]
        Get:14 http://mirror.hetzner.de/ubuntu/packages bionic/restricted Translation-en
         [3,584 B]
        Get:15 http://mirror.hetzner.de/ubuntu/packages bionic/universe amd64 Packages [
        8,570 kB]
        Get:16 https://mirror.hetzner.com/ubuntu/packages bionic/main i386 Packages [1,0
        07 kB]
        Get:17 http://mirror.hetzner.de/ubuntu/packages bionic/universe i386 Packages [8
        ,531 kB]
        Get:18 https://mirror.hetzner.com/ubuntu/packages bionic/main amd64 Packages [1,
        019 kB]
        Get:19 http://mirror.hetzner.de/ubuntu/packages bionic/universe Translation-en [
        4,941 kB]
        Get:20 https://mirror.hetzner.com/ubuntu/packages bionic/main Translation-en [51
        6 kB]
        Get:21 https://mirror.hetzner.com/ubuntu/packages bionic/restricted amd64 Packag
        es [9,184 B]
        Get:22 https://mirror.hetzner.com/ubuntu/packages bionic/restricted i386 Package
        s [9,156 B]
        Get:23 https://mirror.hetzner.com/ubuntu/packages bionic/restricted Translation-
        en [3,584 B]
        Get:24 https://mirror.hetzner.com/ubuntu/packages bionic/universe amd64 Packages
         [8,570 kB]
        Get:25 http://mirror.hetzner.de/ubuntu/packages bionic/multiverse amd64 Packages
         [151 kB]
        Get:26 http://mirror.hetzner.de/ubuntu/packages bionic/multiverse i386 Packages
        [144 kB]
        Get:27 http://mirror.hetzner.de/ubuntu/packages bionic/multiverse Translation-en
         [108 kB]
        Get:28 http://mirror.hetzner.de/ubuntu/packages bionic-updates/main amd64 Packag
        es [2,131 kB]
        Get:29 http://mirror.hetzner.de/ubuntu/packages bionic-updates/main i386 Package
        s [1,312 kB]
        Get:30 http://mirror.hetzner.de/ubuntu/packages bionic-updates/main Translation-
        en [422 kB]
        Get:31 http://mirror.hetzner.de/ubuntu/packages bionic-updates/restricted i386 P
        ackages [25.8 kB]
        Get:32 http://mirror.hetzner.de/ubuntu/packages bionic-updates/restricted amd64
        Packages [389 kB]
        Get:33 http://mirror.hetzner.de/ubuntu/packages bionic-updates/restricted Transl
        ation-en [52.8 kB]
        Get:34 http://mirror.hetzner.de/ubuntu/packages bionic-updates/universe amd64 Pa
        ckages [1,739 kB]
        Get:35 https://mirror.hetzner.com/ubuntu/packages bionic/universe i386 Packages
        [8,531 kB]
        Get:36 http://mirror.hetzner.de/ubuntu/packages bionic-updates/universe i386 Pac
        kages [1,568 kB]
        Get:37 http://mirror.hetzner.de/ubuntu/packages bionic-updates/universe Translat
        ion-en [371 kB]
        Get:38 http://mirror.hetzner.de/ubuntu/packages bionic-updates/multiverse i386 P
        ackages [11.6 kB]
        Get:39 http://mirror.hetzner.de/ubuntu/packages bionic-updates/multiverse amd64
        Packages [26.6 kB]
        Get:40 http://mirror.hetzner.de/ubuntu/packages bionic-updates/multiverse Transl
        ation-en [6,792 B]
        Get:41 http://mirror.hetzner.de/ubuntu/packages bionic-backports/main i386 Packa
        ges [10.0 kB]
        Get:42 http://mirror.hetzner.de/ubuntu/packages bionic-backports/main amd64 Pack
        ages [10.0 kB]
        Get:43 http://mirror.hetzner.de/ubuntu/packages bionic-backports/main Translatio
        n-en [4,764 B]
        Get:44 http://mirror.hetzner.de/ubuntu/packages bionic-backports/universe i386 P
        ackages [10.3 kB]
        Get:45 http://mirror.hetzner.de/ubuntu/packages bionic-backports/universe amd64
        Packages [10.3 kB]
        Get:46 http://mirror.hetzner.de/ubuntu/packages bionic-backports/universe Transl
        ation-en [4,588 B]
        Get:47 http://mirror.hetzner.de/ubuntu/packages bionic-security/main amd64 Packa
        ges [1,784 kB]
        Get:48 http://mirror.hetzner.de/ubuntu/packages bionic-security/main i386 Packag
        es [1,006 kB]
        Get:49 http://mirror.hetzner.de/ubuntu/packages bionic-security/main Translation
        -en [329 kB]
        Get:50 http://mirror.hetzner.de/ubuntu/packages bionic-security/restricted amd64
         Packages [365 kB]
        Get:51 http://mirror.hetzner.de/ubuntu/packages bionic-security/restricted i386
        Packages [19.2 kB]
        Get:52 http://mirror.hetzner.de/ubuntu/packages bionic-security/restricted Trans
        lation-en [48.9 kB]
        Get:53 http://mirror.hetzner.de/ubuntu/packages bionic-security/universe i386 Pa
        ckages [983 kB]
        Get:54 http://mirror.hetzner.de/ubuntu/packages bionic-security/universe amd64 P
        ackages [1,130 kB]
        Get:55 https://mirror.hetzner.com/ubuntu/packages bionic/universe Translation-en
         [4,941 kB]
        Get:56 http://mirror.hetzner.de/ubuntu/packages bionic-security/universe Transla
        tion-en [256 kB]
        Get:57 http://mirror.hetzner.de/ubuntu/packages bionic-security/multiverse amd64
         Packages [19.2 kB]
        Get:58 http://mirror.hetzner.de/ubuntu/packages bionic-security/multiverse i386
        Packages [6,480 B]
        Get:59 http://mirror.hetzner.de/ubuntu/packages bionic-security/multiverse Trans
        lation-en [4,412 B]
        Get:60 https://mirror.hetzner.com/ubuntu/packages bionic/multiverse amd64 Packag
        es [151 kB]
        Get:61 https://mirror.hetzner.com/ubuntu/packages bionic/multiverse i386 Package
        s [144 kB]
        Get:62 https://mirror.hetzner.com/ubuntu/packages bionic/multiverse Translation-
        en [108 kB]
        Get:63 https://mirror.hetzner.com/ubuntu/packages bionic-updates/main i386 Packa
        ges [1,312 kB]
        Get:64 https://mirror.hetzner.com/ubuntu/packages bionic-updates/main amd64 Pack
        ages [2,131 kB]
        Get:65 https://mirror.hetzner.com/ubuntu/packages bionic-updates/main Translatio
        n-en [422 kB]
        Get:66 https://mirror.hetzner.com/ubuntu/packages bionic-updates/restricted i386
         Packages [25.8 kB]
        Get:67 https://mirror.hetzner.com/ubuntu/packages bionic-updates/restricted amd6
        4 Packages [389 kB]
        Get:68 https://mirror.hetzner.com/ubuntu/packages bionic-updates/restricted Tran
        slation-en [52.8 kB]
        Get:69 https://mirror.hetzner.com/ubuntu/packages bionic-updates/universe i386 P
        ackages [1,568 kB]
        Get:70 https://mirror.hetzner.com/ubuntu/packages bionic-updates/universe amd64
        Packages [1,739 kB]
        Get:71 https://mirror.hetzner.com/ubuntu/packages bionic-updates/universe Transl
        ation-en [371 kB]
        Get:72 https://mirror.hetzner.com/ubuntu/packages bionic-updates/multiverse i386
         Packages [11.6 kB]
        Get:73 https://mirror.hetzner.com/ubuntu/packages bionic-updates/multiverse amd6
        4 Packages [26.6 kB]
        Get:74 https://mirror.hetzner.com/ubuntu/packages bionic-updates/multiverse Tran
        slation-en [6,792 B]
        Get:75 https://mirror.hetzner.com/ubuntu/packages bionic-backports/main amd64 Pa
        ckages [10.0 kB]
        Get:76 https://mirror.hetzner.com/ubuntu/packages bionic-backports/main i386 Pac
        kages [10.0 kB]
        Get:77 https://mirror.hetzner.com/ubuntu/packages bionic-backports/main Translat
        ion-en [4,764 B]
        Get:78 https://mirror.hetzner.com/ubuntu/packages bionic-backports/universe i386
         Packages [10.3 kB]
        Get:79 https://mirror.hetzner.com/ubuntu/packages bionic-backports/universe amd6
        4 Packages [10.3 kB]
        Get:80 https://mirror.hetzner.com/ubuntu/packages bionic-backports/universe Tran
        slation-en [4,588 B]
        Get:81 https://mirror.hetzner.com/ubuntu/security bionic-security/main i386 Pack
        ages [1,006 kB]
        Get:82 https://mirror.hetzner.com/ubuntu/security bionic-security/main amd64 Pac
        kages [1,784 kB]
        Get:83 https://mirror.hetzner.com/ubuntu/security bionic-security/main Translati
        on-en [329 kB]
        Get:84 https://mirror.hetzner.com/ubuntu/security bionic-security/restricted amd
        64 Packages [365 kB]
        Get:85 https://mirror.hetzner.com/ubuntu/security bionic-security/restricted i38
        6 Packages [19.2 kB]
        Get:86 https://mirror.hetzner.com/ubuntu/security bionic-security/restricted Tra
        nslation-en [48.9 kB]
        Get:87 https://mirror.hetzner.com/ubuntu/security bionic-security/universe amd64
         Packages [1,130 kB]
        Get:88 https://mirror.hetzner.com/ubuntu/security bionic-security/universe i386
        Packages [983 kB]
        Get:89 https://mirror.hetzner.com/ubuntu/security bionic-security/universe Trans
        lation-en [256 kB]
        Get:90 https://mirror.hetzner.com/ubuntu/security bionic-security/multiverse i38
        6 Packages [6,480 B]
        Get:91 https://mirror.hetzner.com/ubuntu/security bionic-security/multiverse amd
        64 Packages [19.2 kB]
        Get:92 https://mirror.hetzner.com/ubuntu/security bionic-security/multiverse Tra
        nslation-en [4,412 B]
        Fetched 79.1 MB in 17s (4,710 kB/s)
        Reading package lists... Done
        Building dependency tree
        Reading state information... Done
        All packages are up to date.
[18:39:23] # Running command «sudo dpkg --configure -a» on 95.216.208.159
        wire@arthur-demo:~$ sudo dpkg --configure -a
[18:39:31] # Running command «sudo apt install docker.io» on 192.168.1.121
        wire@wire-client:~$ sudo apt install docker.io
        Reading package lists... Done
        Building dependency tree
        Reading state information... Done
        docker.io is already the newest version (20.10.2-0ubuntu1~18.04.2).
        0 upgraded, 0 newly installed, 0 to remove and 71 not upgraded.
[18:39:37] # Running command «docker -v» on 192.168.1.121
        wire@wire-client:~$ docker -v
        Docker version 20.10.2, build 20.10.2-0ubuntu1~18.04.2
[18:39:47] # Running command «git clone --branch master https://github.com/wireapp/wire-server-deploy.git» on 192.168.1.121
        wire@wire-client:~$ git clone --branch master https://github.com/wireapp/wire-se
        rver-deploy.git
        Cloning into 'wire-server-deploy'...
        remote: Enumerating objects: 18498, done.
        remote: Counting objects: 100% (331/331), done.
        remote: Compressing objects: 100% (210/210), done.
        remote: Total 18498 (delta 163), reused 232 (delta 115), pack-reused 18167
        Receiving objects: 100% (18498/18498), 2.19 MiB | 9.21 MiB/s, done.
        Resolving deltas: 100% (13819/13819), done.
[18:39:53] # Running command «ls -l» on 192.168.1.121
        wire@wire-client:~$ ls -l
        total 4
        drwxrwxr-x 12 wire wire 4096 Jul 14 16:39 wire-server-deploy
[18:39:59] # Running command «cd ~/wire-server-deploy» on 192.168.1.121
        wire@wire-client:~$ cd ~/wire-server-deploy
[18:40:04] # Running command «pwd» on 192.168.1.121
        wire@wire-client:~/wire-server-deploy$ pwd
        /home/wire/wire-server-deploy
[18:40:10] # Running command «ls -l» on 192.168.1.121
        wire@wire-client:~/wire-server-deploy$ ls -l
        total 108
        -rw-rw-r--  1 wire wire 16072 Jul 14 16:39 CHANGELOG.md
        -rw-rw-r--  1 wire wire  1531 Jul 14 16:39 CONTRIBUTING.md
        -rw-rw-r--  1 wire wire   252 Jul 14 16:39 Dockerfile
        -rw-rw-r--  1 wire wire 34520 Jul 14 16:39 LICENSE
        -rw-rw-r--  1 wire wire  5893 Jul 14 16:39 Makefile
        -rw-rw-r--  1 wire wire  2251 Jul 14 16:39 README.md
        drwxrwxr-x  9 wire wire  4096 Jul 14 16:39 ansible
        drwxrwxr-x  3 wire wire  4096 Jul 14 16:39 bin
        -rw-rw-r--  1 wire wire  2338 Jul 14 16:39 default.nix
        drwxrwxr-x  5 wire wire  4096 Jul 14 16:39 examples
        drwxrwxr-x  2 wire wire  4096 Jul 14 16:39 helm
        drwxrwxr-x  4 wire wire  4096 Jul 14 16:39 nix
        drwxrwxr-x  2 wire wire  4096 Jul 14 16:39 offline
        drwxrwxr-x  5 wire wire  4096 Jul 14 16:39 terraform
        drwxrwxr-x 15 wire wire  4096 Jul 14 16:39 values
[18:40:41] # Running command «git submodule update --init --recursive» on 192.168.1.121
        wire@wire-client:~/wire-server-deploy$ git submodule update --init --recursive
        Submodule 'ansible/roles-external/ANXS.apt' (https://github.com/ANXS/apt.git) re
        gistered for path 'ansible/roles-external/ANXS.apt'
        Submodule 'ansible/roles-external/admin_users' (https://github.com/cchurch/ansib
        le-role-admin-users.git) registered for path 'ansible/roles-external/admin_users
        '
        Submodule 'ansible/roles-external/andrewrothstein.unarchive-deps' (https://githu
        b.com/andrewrothstein/ansible-unarchive-deps) registered for path 'ansible/roles
        -external/andrewrothstein.unarchive-deps'
        Submodule 'ansible/roles-external/ansible-cassandra' (https://github.com/wireapp
        /ansible-cassandra.git) registered for path 'ansible/roles-external/ansible-cass
        andra'
        Submodule 'ansible/roles-external/ansible-minio' (https://github.com/wireapp/ans
        ible-minio.git) registered for path 'ansible/roles-external/ansible-minio'
        Submodule 'ansible/roles-external/ansible-ntp-verify' (https://github.com/wireap
        p/ansible-ntp-verify.git) registered for path 'ansible/roles-external/ansible-nt
        p-verify'
        Submodule 'ansible/roles-external/ansible-restund' (https://github.com/wireapp/a
        nsible-restund.git) registered for path 'ansible/roles-external/ansible-restund'
        Submodule 'ansible/roles-external/ansible-role-java' (https://github.com/geerlin
        gguy/ansible-role-java.git) registered for path 'ansible/roles-external/ansible-
        role-java'
        Submodule 'ansible/roles-external/ansible-role-ntp' (https://github.com/geerling
        guy/ansible-role-ntp.git) registered for path 'ansible/roles-external/ansible-ro
        le-ntp'
        Submodule 'ansible/roles-external/ansible-tinc' (https://github.com/wireapp/ansi
        ble-tinc.git) registered for path 'ansible/roles-external/ansible-tinc'
        Submodule 'ansible/roles-external/cloudalchemy.node-exporter' (https://github.co
        m/cloudalchemy/ansible-node-exporter) registered for path 'ansible/roles-externa
        l/cloudalchemy.node-exporter'
        Submodule 'ansible/roles-external/elasticsearch' (https://github.com/elastic/ans
        ible-elasticsearch.git) registered for path 'ansible/roles-external/elasticsearc
        h'
        Submodule 'ansible/roles-external/hostname' (https://github.com/ANXS/hostname.gi
        t) registered for path 'ansible/roles-external/hostname'
        Submodule 'ansible/roles-external/kubespray' (https://github.com/kubernetes-sigs
        /kubespray.git) registered for path 'ansible/roles-external/kubespray'
        Submodule 'ansible/roles-external/logrotate' (https://github.com/nickhammond/ans
        ible-logrotate.git) registered for path 'ansible/roles-external/logrotate'
        Submodule 'ansible/roles-external/sft' (https://github.com/wireapp/ansible-sft.g
        it) registered for path 'ansible/roles-external/sft'
        Cloning into '/home/wire/wire-server-deploy/ansible/roles-external/ANXS.apt'...
        Cloning into '/home/wire/wire-server-deploy/ansible/roles-external/admin_users'.
        ..
        Cloning into '/home/wire/wire-server-deploy/ansible/roles-external/andrewrothste
        in.unarchive-deps'...
        Cloning into '/home/wire/wire-server-deploy/ansible/roles-external/ansible-cassa
        ndra'...
        Cloning into '/home/wire/wire-server-deploy/ansible/roles-external/ansible-minio
        '...
        Cloning into '/home/wire/wire-server-deploy/ansible/roles-external/ansible-ntp-v
        erify'...
        Cloning into '/home/wire/wire-server-deploy/ansible/roles-external/ansible-restu
        nd'...
        Cloning into '/home/wire/wire-server-deploy/ansible/roles-external/ansible-role-
        java'...
        Cloning into '/home/wire/wire-server-deploy/ansible/roles-external/ansible-role-
        ntp'...
        Cloning into '/home/wire/wire-server-deploy/ansible/roles-external/ansible-tinc'
        ...
        Cloning into '/home/wire/wire-server-deploy/ansible/roles-external/cloudalchemy.
        node-exporter'...
        Cloning into '/home/wire/wire-server-deploy/ansible/roles-external/elasticsearch
        '...
        Cloning into '/home/wire/wire-server-deploy/ansible/roles-external/hostname'...
        Cloning into '/home/wire/wire-server-deploy/ansible/roles-external/kubespray'...
        Cloning into '/home/wire/wire-server-deploy/ansible/roles-external/logrotate'...
        Cloning into '/home/wire/wire-server-deploy/ansible/roles-external/sft'...
        Submodule path 'ansible/roles-external/ANXS.apt': checked out 'f602ba7e88abfbb3a
        f6679a8ca47207dc3e9d9c4'
        Submodule path 'ansible/roles-external/admin_users': checked out 'd5bcef7e925ee1
        acf4e42359f0a95ed788eea58f'
        Submodule path 'ansible/roles-external/andrewrothstein.unarchive-deps': checked
        out '4485543262cfe04170d1ec02c8ccb95c44a7a222'
        Submodule path 'ansible/roles-external/ansible-cassandra': checked out '8a0f029f
        533856e8270d7fd74d75c099a677b2e3'
        Submodule path 'ansible/roles-external/ansible-minio': checked out '22ab28f75c00
        7a0c48dc47db574773773ef19d22'
        Submodule path 'ansible/roles-external/ansible-ntp-verify': checked out '4c3d0c6
        7d32d2d74444f4db45b2a4d2efdc7d590'
        Submodule path 'ansible/roles-external/ansible-restund': checked out '9807313a7c
        72ffa40e74f69d239404fd87db65ab'
        Submodule path 'ansible/roles-external/ansible-role-java': checked out '13b42705
        5702d9e91558cad7dcccab7db91e5663'
        Submodule path 'ansible/roles-external/ansible-role-ntp': checked out 'af1ec6238
        5c899a3e3f24407d8417adcdc9eea60'
        Submodule path 'ansible/roles-external/ansible-tinc': checked out '42951a951f638
        1e387174178bf3bff228b6a5dc5'
        Submodule path 'ansible/roles-external/cloudalchemy.node-exporter': checked out
        '8dc13ae077e3da1a71c268b114cd4fb8103ced80'
        Submodule path 'ansible/roles-external/elasticsearch': checked out '389a3ff45f8f
        51de95313ca0354cedcdc92b16f4'
        Submodule path 'ansible/roles-external/hostname': checked out 'da6f329b2984e84d2
        248d4251e0c679c53dfbb30'
        Submodule path 'ansible/roles-external/kubespray': checked out 'c7658c0256bfeb50
        913ac73f638a760680e4dd6d'
        Submodule path 'ansible/roles-external/logrotate': checked out '91d570f68c44261d
        2051a99a2b3c7d736306bf0d'
        Submodule path 'ansible/roles-external/sft': checked out '126fde847dfc9deffeef8b
        a133c541c16628a63a'
[18:40:47] # Running command «mkdir -p wire-server» on 192.168.1.121
        wire@wire-client:~/wire-server-deploy$ mkdir -p wire-server
[18:40:53] # Running command «cd wire-server» on 192.168.1.121
        wire@wire-client:~/wire-server-deploy$ cd wire-server
[18:40:59] # Running command «pwd» on 192.168.1.121
        wire@wire-client:~/wire-server-deploy/wire-server$ pwd
        /home/wire/wire-server-deploy/wire-server
[18:41:04] # Running command «curl -sSL https://raw.githubusercontent.com/wireapp/wire-server-deploy/master/values/wire-server/demo-secrets.example.yaml > secrets.yaml» on 192.168.1.121
        wire@wire-client:~/wire-server-deploy/wire-server$ curl -sSL https://raw.githubu
        sercontent.com/wireapp/wire-server-deploy/master/values/wire-server/demo-secrets
        .example.yaml > secrets.yaml
[18:41:10] # Running command «curl -sSL https://raw.githubusercontent.com/wireapp/wire-server-deploy/master/values/wire-server/demo-values.example.yaml > values.yaml» on 192.168.1.121
        wire@wire-client:~/wire-server-deploy/wire-server$ curl -sSL https://raw.githubu
        sercontent.com/wireapp/wire-server-deploy/master/values/wire-server/demo-values.
        example.yaml > values.yaml
[18:41:16] # Running command «openssl rand -base64 64 | env LC_CTYPE=C tr -dc a-zA-Z0-9 | head -c 42 > restund.txt» on 192.168.1.121
        wire@wire-client:~/wire-server-deploy/wire-server$ openssl rand -base64 64 | env
         LC_CTYPE=C tr -dc a-zA-Z0-9 | head -c 42 > restund.txt
[18:43:01] # Running command «sudo docker run --rm quay.io/wire/alpine-intermediate /dist/zauth -m gen-keypair -i 1 > zauth.txt» on 192.168.1.121
        wire@wire-client:~/wire-server-deploy/wire-server$ sudo docker run --rm quay.io/
        wire/alpine-intermediate /dist/zauth -m gen-keypair -i 1 > zauth.txt
        Unable to find image 'quay.io/wire/alpine-intermediate:latest' locally
        latest: Pulling from wire/alpine-intermediate
        188c0c94c7c5: Pulling fs layer
        edebdc4a6437: Pulling fs layer
        d9b6d5749552: Pulling fs layer
        0dd342b35df2: Pulling fs layer
        ea7c73d2e35b: Pulling fs layer
        0dd342b35df2: Waiting
        ea7c73d2e35b: Waiting
        188c0c94c7c5: Download complete
        edebdc4a6437: Verifying Checksum
        edebdc4a6437: Download complete
        188c0c94c7c5: Pull complete
        ea7c73d2e35b: Verifying Checksum
        ea7c73d2e35b: Download complete
        d9b6d5749552: Verifying Checksum
        d9b6d5749552: Download complete
        edebdc4a6437: Pull complete
        d9b6d5749552: Pull complete
        0dd342b35df2: Verifying Checksum
        0dd342b35df2: Download complete
        0dd342b35df2: Pull complete
        ea7c73d2e35b: Pull complete
        Digest: sha256:bfb7dfd21e389ec699527f3cdad32d158ecab12577404c4578001af7c899d044
        Status: Downloaded newer image for quay.io/wire/alpine-intermediate:latest
[18:43:07] # Running command «ls -l» on 192.168.1.121
        wire@wire-client:~/wire-server-deploy/wire-server$ ls -l
        total 20
        -rw-rw-r-- 1 wire wire   42 Jul 14 16:41 restund.txt
        -rw-rw-r-- 1 wire wire 1949 Jul 14 16:41 secrets.yaml
        -rw-rw-r-- 1 wire wire 7642 Jul 14 16:41 values.yaml
        -rw-rw-r-- 1 wire wire  150 Jul 14 16:42 zauth.txt
[18:43:15] # Running command «curl -sSL https://raw.githubusercontent.com/wireapp/wire-server-deploy/master/values/wire-server/prod-values.example.yaml > prod-values.yaml» on 192.168.1.121
        wire@wire-client:~/wire-server-deploy/wire-server$ curl -sSL https://raw.githubu
        sercontent.com/wireapp/wire-server-deploy/master/values/wire-server/prod-values.
        example.yaml > prod-values.yaml
[18:43:21] # Running command «grep 'spar:' prod-values.yaml -A 24 > spar.yaml» on 192.168.1.121
        wire@wire-client:~/wire-server-deploy/wire-server$ grep 'spar:' prod-values.yaml
         -A 24 > spar.yaml
[18:43:27] # Running command «sed -i 's/cassandra-external/cassandra-ephemeral/' spar.yaml» on 192.168.1.121
        wire@wire-client:~/wire-server-deploy/wire-server$ sed -i 's/cassandra-external/
        cassandra-ephemeral/' spar.yaml
[18:43:33] # Running command «ls -l» on 192.168.1.121
        wire@wire-client:~/wire-server-deploy/wire-server$ ls -l
        total 40
        -rw-rw-r-- 1 wire wire 12606 Jul 14 16:43 prod-values.yaml
        -rw-rw-r-- 1 wire wire    42 Jul 14 16:41 restund.txt
        -rw-rw-r-- 1 wire wire  1949 Jul 14 16:41 secrets.yaml
        -rw-rw-r-- 1 wire wire   744 Jul 14 16:43 spar.yaml
        -rw-rw-r-- 1 wire wire  7642 Jul 14 16:41 values.yaml
        -rw-rw-r-- 1 wire wire   150 Jul 14 16:42 zauth.txt
[18:43:39] # Running command «cat restund.txt && echo» on 192.168.1.121
        wire@wire-client:~/wire-server-deploy/wire-server$ cat restund.txt && echo
        w2sNpNEy8fIAl7PewLaWSghgha4nq6rPcdZsTNdDKZ
[18:43:45] # Running command «cat zauth.txt» on 192.168.1.121
        wire@wire-client:~/wire-server-deploy/wire-server$ cat zauth.txt
        public: 8L-nf42hPRrLerhnzuCHSi1sVO849-X_DWSaah5tWmM=
        secret: KMhx3D4VP-KthW7zE9AAigXaRNm05NghkBCSocnBc3zwv6d_jaE9Gst6uGfO4IdKLWxU7zj3
        5f8NZJpqHm1aYw==
[18:43:51] # Running command «sed -i 's/secret:$/secret: w2sNpNEy8fIAl7PewLaWSghgha4nq6rPcdZsTNdDKZ/' secrets.yaml» on 192.168.1.121
        wire@wire-client:~/wire-server-deploy/wire-server$ sed -i 's/secret:$/secret: w2
        sNpNEy8fIAl7PewLaWSghgha4nq6rPcdZsTNdDKZ/' secrets.yaml
[18:43:57] # Running command «sed -i 's/publicKeys: "<public key>"/publicKeys: "8L-nf42hPRrLerhnzuCHSi1sVO849-X_DWSaah5tWmM="/' secrets.yaml» on 192.168.1.121
        wire@wire-client:~/wire-server-deploy/wire-server$ sed -i 's/publicKeys: "<publi
        c key>"/publicKeys: "8L-nf42hPRrLerhnzuCHSi1sVO849-X_DWSaah5tWmM="/' secrets.yam
        l
[18:44:02] # Running command «sed -i 's/privateKeys: "<private key>"/privateKeys: "KMhx3D4VP-KthW7zE9AAigXaRNm05NghkBCSocnBc3zwv6d_jaE9Gst6uGfO4IdKLWxU7zj35f8NZJpqHm1aYw=="/' secrets.yaml» on 192.168.1.121
        wire@wire-client:~/wire-server-deploy/wire-server$ sed -i 's/privateKeys: "<priv
        ate key>"/privateKeys: "KMhx3D4VP-KthW7zE9AAigXaRNm05NghkBCSocnBc3zwv6d_jaE9Gst6
        uGfO4IdKLWxU7zj35f8NZJpqHm1aYw=="/' secrets.yaml
[18:44:08] # Running command «cat secrets.yaml | grep 'w2sNpNEy8fIAl7PewLaWSghgha4nq6rPcdZsTNdDKZ'» on 192.168.1.121
        wire@wire-client:~/wire-server-deploy/wire-server$ cat secrets.yaml | grep 'w2sN
        pNEy8fIAl7PewLaWSghgha4nq6rPcdZsTNdDKZ'
              secret: w2sNpNEy8fIAl7PewLaWSghgha4nq6rPcdZsTNdDKZ
[18:44:14] # Running command «cat secrets.yaml | grep '8L-nf42hPRrLerhnzuCHSi1sVO849-X_DWSaah5tWmM='» on 192.168.1.121
        wire@wire-client:~/wire-server-deploy/wire-server$ cat secrets.yaml | grep '8L-n
        f42hPRrLerhnzuCHSi1sVO849-X_DWSaah5tWmM='
              publicKeys: "8L-nf42hPRrLerhnzuCHSi1sVO849-X_DWSaah5tWmM="
              publicKeys: "8L-nf42hPRrLerhnzuCHSi1sVO849-X_DWSaah5tWmM="
[18:44:20] # Running command «cat secrets.yaml | grep 'KMhx3D4VP-KthW7zE9AAigXaRNm05NghkBCSocnBc3zwv6d_jaE9Gst6uGfO4IdKLWxU7zj35f8NZJpqHm1aYw=='» on 192.168.1.121
        wire@wire-client:~/wire-server-deploy/wire-server$ cat secrets.yaml | grep 'KMhx
        3D4VP-KthW7zE9AAigXaRNm05NghkBCSocnBc3zwv6d_jaE9Gst6uGfO4IdKLWxU7zj35f8NZJpqHm1a
        Yw=='
              privateKeys: "KMhx3D4VP-KthW7zE9AAigXaRNm05NghkBCSocnBc3zwv6d_jaE9Gst6uGfO
        4IdKLWxU7zj35f8NZJpqHm1aYw=="
[18:44:26] # Running command «cat values.yaml | grep spar» on 192.168.1.121
        wire@wire-client:~/wire-server-deploy/wire-server$ cat values.yaml | grep spar
          spar: false # enable if you want/need Single-Sign-On (SSO)
[18:44:32] # Running command «sed -i 's/spar: false/spar: true/' values.yaml» on 192.168.1.121
        wire@wire-client:~/wire-server-deploy/wire-server$ sed -i 's/spar: false/spar: t
        rue/' values.yaml
[18:44:37] # Running command «cat spar.yaml >> values.yaml» on 192.168.1.121
        wire@wire-client:~/wire-server-deploy/wire-server$ cat spar.yaml >> values.yaml
[18:44:43] # Running command «cat values.yaml | grep spar» on 192.168.1.121
        wire@wire-client:~/wire-server-deploy/wire-server$ cat values.yaml | grep spar
          spar: true # enable if you want/need Single-Sign-On (SSO)
        spar:
[18:44:49] # Running command «cd ~/wire-server-deploy» on 192.168.1.121
        wire@wire-client:~/wire-server-deploy/wire-server$ cd ~/wire-server-deploy
[18:44:55] # Running command «pwd» on 192.168.1.121
        wire@wire-client:~/wire-server-deploy$ pwd
        /home/wire/wire-server-deploy
[18:45:00] # Running command «ls -l» on 192.168.1.121
        wire@wire-client:~/wire-server-deploy$ ls -l
        total 112
        -rw-rw-r--  1 wire wire 16072 Jul 14 16:39 CHANGELOG.md
        -rw-rw-r--  1 wire wire  1531 Jul 14 16:39 CONTRIBUTING.md
        -rw-rw-r--  1 wire wire   252 Jul 14 16:39 Dockerfile
        -rw-rw-r--  1 wire wire 34520 Jul 14 16:39 LICENSE
        -rw-rw-r--  1 wire wire  5893 Jul 14 16:39 Makefile
        -rw-rw-r--  1 wire wire  2251 Jul 14 16:39 README.md
        drwxrwxr-x  9 wire wire  4096 Jul 14 16:39 ansible
        drwxrwxr-x  3 wire wire  4096 Jul 14 16:39 bin
        -rw-rw-r--  1 wire wire  2338 Jul 14 16:39 default.nix
        drwxrwxr-x  5 wire wire  4096 Jul 14 16:39 examples
        drwxrwxr-x  2 wire wire  4096 Jul 14 16:39 helm
        drwxrwxr-x  4 wire wire  4096 Jul 14 16:39 nix
        drwxrwxr-x  2 wire wire  4096 Jul 14 16:39 offline
        drwxrwxr-x  5 wire wire  4096 Jul 14 16:39 terraform
        drwxrwxr-x 15 wire wire  4096 Jul 14 16:39 values
        drwxrwxr-x  2 wire wire  4096 Jul 14 16:44 wire-server
